<?xml version="1.0" encoding="UTF-8"?>
<!-- Generated by org.testng.reporters.JUnitReportReporter -->
<testsuite skipped="0" hostname="ChethanBidare-pc" name="c2info_ElMob.SalesReturnTC.TC_013_VerifyItemCount" tests="1" failures="0" timestamp="15 Mar 2018 11:50:07 GMT" time="39.523" errors="0">
  <testcase name="verifyItemCount" time="39.523" classname="c2info_ElMob.SalesReturnTC.TC_013_VerifyItemCount"/>
</testsuite> <!-- c2info_ElMob.SalesReturnTC.TC_013_VerifyItemCount -->
