<?xml version="1.0" encoding="UTF-8"?>
<!-- Generated by org.testng.reporters.JUnitReportReporter -->
<testsuite skipped="0" hostname="ChethanBidare-pc" name="c2info_ElMob.SalesReturnTC.TC_015_VerifyPaymentModeCash" tests="1" failures="0" timestamp="15 Mar 2018 12:13:37 GMT" time="28.027" errors="0">
  <testcase name="verifyCashSale" time="28.027" classname="c2info_ElMob.SalesReturnTC.TC_015_VerifyPaymentModeCash"/>
</testsuite> <!-- c2info_ElMob.SalesReturnTC.TC_015_VerifyPaymentModeCash -->
