<?xml version="1.0" encoding="UTF-8"?>
<!-- Generated by org.testng.reporters.JUnitReportReporter -->
<testsuite skipped="0" hostname="ChethanBidare-pc" name="c2info_ElMob.SalesTC.TC_032_VerifyAddBatchFunctionality" tests="1" failures="0" timestamp="05 Mar 2018 05:07:04 GMT" time="81.834" errors="0">
  <testcase name="verifyNewBatch" time="81.834" classname="c2info_ElMob.SalesTC.TC_032_VerifyAddBatchFunctionality"/>
</testsuite> <!-- c2info_ElMob.SalesTC.TC_032_VerifyAddBatchFunctionality -->
