<?xml version="1.0" encoding="UTF-8"?>
<!-- Generated by org.testng.reporters.JUnitReportReporter -->
<testsuite skipped="0" hostname="ChethanBidare-pc" name="c2info_ElMob.SalesTC.TC_009_VerifyIGSTTaxForMultipleItems" tests="1" failures="0" timestamp="24 Feb 2018 12:21:37 GMT" time="20.088" errors="0">
  <testcase name="verifyIGSTTax" time="20.088" classname="c2info_ElMob.SalesTC.TC_009_VerifyIGSTTaxForMultipleItems"/>
</testsuite> <!-- c2info_ElMob.SalesTC.TC_009_VerifyIGSTTaxForMultipleItems -->
