<?xml version="1.0" encoding="UTF-8"?>
<!-- Generated by org.testng.reporters.JUnitReportReporter -->
<testsuite skipped="0" hostname="ChethanBidare-pc" name="c2info_ElMob.SalesReturnTC.TC_007_VerifyCustomerWiseDiscount" tests="1" failures="0" timestamp="15 Mar 2018 08:41:31 GMT" time="30.838" errors="0">
  <testcase name="verifyCustomerWiseDisc" time="30.838" classname="c2info_ElMob.SalesReturnTC.TC_007_VerifyCustomerWiseDiscount"/>
</testsuite> <!-- c2info_ElMob.SalesReturnTC.TC_007_VerifyCustomerWiseDiscount -->
