<?xml version="1.0" encoding="UTF-8"?>
<!-- Generated by org.testng.reporters.JUnitReportReporter -->
<testsuite skipped="0" hostname="ChethanBidare-pc" name="c2info_ElMob.LoginPageTC.verifylogin" tests="2" failures="0" timestamp="19 Feb 2018 10:18:49 GMT" time="108.473" errors="0">
  <testcase name="login" time="61.911" classname="c2info_ElMob.LoginPageTC.verifylogin"/>
  <testcase name="tabcheck" time="46.562" classname="c2info_ElMob.LoginPageTC.verifylogin"/>
</testsuite> <!-- c2info_ElMob.LoginPageTC.verifylogin -->
