<?xml version="1.0" encoding="UTF-8"?>
<!-- Generated by org.testng.reporters.JUnitReportReporter -->
<testsuite skipped="0" hostname="ChethanBidare-pc" name="c2info_ElMob.LoginPageTC.verifylogin" tests="2" failures="0" timestamp="12 Feb 2018 11:30:16 GMT" time="82.216" errors="0">
  <testcase name="login" time="51.181" classname="c2info_ElMob.LoginPageTC.verifylogin"/>
  <testcase name="tabcheck" time="31.035" classname="c2info_ElMob.LoginPageTC.verifylogin"/>
</testsuite> <!-- c2info_ElMob.LoginPageTC.verifylogin -->
