<?xml version="1.0" encoding="UTF-8"?>
<!-- Generated by org.testng.reporters.JUnitReportReporter -->
<testsuite skipped="0" hostname="ChethanBidare-pc" name="c2info_ElMob.SalesTC.TC_018_VerifyPaymentModeCash" tests="1" failures="0" timestamp="26 Feb 2018 11:18:07 GMT" time="31.817" errors="0">
  <testcase name="verifyCashSale" time="31.817" classname="c2info_ElMob.SalesTC.TC_018_VerifyPaymentModeCash"/>
</testsuite> <!-- c2info_ElMob.SalesTC.TC_018_VerifyPaymentModeCash -->
