<?xml version="1.0" encoding="UTF-8"?>
<!-- Generated by org.testng.reporters.JUnitReportReporter -->
<testsuite skipped="0" hostname="ChethanBidare-pc" name="c2info_ElMob.SalesTC.TC_013_VerifyItemCount" tests="1" failures="0" timestamp="26 Feb 2018 10:17:54 GMT" time="43.483" errors="0">
  <testcase name="verifyItemCount" time="43.483" classname="c2info_ElMob.SalesTC.TC_013_VerifyItemCount"/>
</testsuite> <!-- c2info_ElMob.SalesTC.TC_013_VerifyItemCount -->
