<?xml version="1.0" encoding="UTF-8"?>
<!-- Generated by org.testng.reporters.JUnitReportReporter -->
<testsuite skipped="0" hostname="ChethanBidare-pc" name="c2info_ElMob.SalesTC.TC_002_VerifyHighestMrpIsDisplayed" tests="1" failures="0" timestamp="21 Feb 2018 08:39:45 GMT" time="28.105" errors="0">
  <testcase name="verifyHighestMrp" time="28.105" classname="c2info_ElMob.SalesTC.TC_002_VerifyHighestMrpIsDisplayed"/>
</testsuite> <!-- c2info_ElMob.SalesTC.TC_002_VerifyHighestMrpIsDisplayed -->
