<?xml version="1.0" encoding="UTF-8"?>
<!-- Generated by org.testng.reporters.JUnitReportReporter -->
<testsuite skipped="0" hostname="ChethanBidare-pc" name="c2info_ElMob.SalesTC.TC_023_VerifyItemCountInSwitchCart" tests="1" failures="0" timestamp="28 Feb 2018 07:38:01 GMT" time="81.921" errors="0">
  <testcase name="verifyItemCount" time="81.921" classname="c2info_ElMob.SalesTC.TC_023_VerifyItemCountInSwitchCart"/>
</testsuite> <!-- c2info_ElMob.SalesTC.TC_023_VerifyItemCountInSwitchCart -->
