<?xml version="1.0" encoding="UTF-8"?>
<!-- Generated by org.testng.reporters.JUnitReportReporter -->
<testsuite skipped="0" hostname="ChethanBidare-pc" name="c2info_ElMob.LoginPageTC.verifylogin" tests="2" failures="0" timestamp="21 Feb 2018 06:28:32 GMT" time="96.470" errors="0">
  <testcase name="login" time="62.035" classname="c2info_ElMob.LoginPageTC.verifylogin"/>
  <testcase name="tabcheck" time="34.435" classname="c2info_ElMob.LoginPageTC.verifylogin"/>
</testsuite> <!-- c2info_ElMob.LoginPageTC.verifylogin -->
