<?xml version="1.0" encoding="UTF-8"?>
<!-- Generated by org.testng.reporters.JUnitReportReporter -->
<testsuite skipped="0" hostname="Arbiya-Maitems" name="c2info_ElMob.SalesTC.TC_009_VerifyIGSTTaxForMultipleItems" tests="1" failures="0" timestamp="24 Feb 2018 17:29:53 GMT" time="73.263" errors="0">
  <testcase name="verifyIGSTTax" time="73.263" classname="c2info_ElMob.SalesTC.TC_009_VerifyIGSTTaxForMultipleItems"/>
</testsuite> <!-- c2info_ElMob.SalesTC.TC_009_VerifyIGSTTaxForMultipleItems -->
