<?xml version="1.0" encoding="UTF-8"?>
<!-- Generated by org.testng.reporters.JUnitReportReporter -->
<testsuite skipped="0" hostname="ChethanBidare-pc" name="c2info_ElMob.SalesTC.TC_026_VerifyParkedInvoiceItemsLoadedToSalescart" tests="1" failures="0" timestamp="28 Feb 2018 09:34:08 GMT" time="56.739" errors="0">
  <testcase name="verifyInvoiceLoading" time="56.739" classname="c2info_ElMob.SalesTC.TC_026_VerifyParkedInvoiceItemsLoadedToSalescart"/>
</testsuite> <!-- c2info_ElMob.SalesTC.TC_026_VerifyParkedInvoiceItemsLoadedToSalescart -->
