<?xml version="1.0" encoding="UTF-8"?>
<!-- Generated by org.testng.reporters.JUnitReportReporter -->
<testsuite skipped="0" hostname="ChethanBidare-pc" name="c2info_ElMob.SalesTC.TC_019_VerifyCustomerDetailsInCheckOutPage" tests="1" failures="0" timestamp="26 Feb 2018 12:26:33 GMT" time="32.521" errors="0">
  <testcase name="verifyCustomerDetails" time="32.521" classname="c2info_ElMob.SalesTC.TC_019_VerifyCustomerDetailsInCheckOutPage"/>
</testsuite> <!-- c2info_ElMob.SalesTC.TC_019_VerifyCustomerDetailsInCheckOutPage -->
