<?xml version="1.0" encoding="UTF-8"?>
<!-- Generated by org.testng.reporters.JUnitReportReporter -->
<testsuite skipped="0" hostname="ChethanBidare-pc" name="c2info_ElMob.SalesTC.TC_029_VerifyParkedInvoiceByDeletingItems" tests="1" failures="0" timestamp="28 Feb 2018 12:05:02 GMT" time="83.948" errors="0">
  <testcase name="verifyInvoiceLoading" time="83.948" classname="c2info_ElMob.SalesTC.TC_029_VerifyParkedInvoiceByDeletingItems"/>
</testsuite> <!-- c2info_ElMob.SalesTC.TC_029_VerifyParkedInvoiceByDeletingItems -->
