<?xml version="1.0" encoding="UTF-8"?>
<!-- Generated by org.testng.reporters.JUnitReportReporter -->
<testsuite skipped="0" hostname="ChethanBidare-pc" name="c2info_ElMob.SalesTC.TC_007_VerifyCustomerWiseDiscount" tests="1" failures="0" timestamp="24 Feb 2018 10:02:45 GMT" time="29.396" errors="0">
  <testcase name="verifyCustomerWiseDisc" time="29.396" classname="c2info_ElMob.SalesTC.TC_007_VerifyCustomerWiseDiscount"/>
</testsuite> <!-- c2info_ElMob.SalesTC.TC_007_VerifyCustomerWiseDiscount -->
