<?xml version="1.0" encoding="UTF-8"?>
<!-- Generated by org.testng.reporters.JUnitReportReporter -->
<testsuite skipped="0" hostname="ChethanBidare-pc" name="c2info_ElMob.SalesReturnTC.TC_023_VerifyParkedInvoiceItemsLoadedToSalescart" tests="1" failures="0" timestamp="14 Mar 2018 11:13:01 GMT" time="57.390" errors="0">
  <testcase name="verifyInvoiceLoading" time="57.390" classname="c2info_ElMob.SalesReturnTC.TC_023_VerifyParkedInvoiceItemsLoadedToSalescart"/>
</testsuite> <!-- c2info_ElMob.SalesReturnTC.TC_023_VerifyParkedInvoiceItemsLoadedToSalescart -->
