<?xml version="1.0" encoding="UTF-8"?>
<!-- Generated by org.testng.reporters.JUnitReportReporter -->
<testsuite skipped="0" hostname="Arbiya-Maitems" name="c2info_ElMob.SalesTC.TC_010_VerifyLocalTaxForMultipleItems" tests="1" failures="0" timestamp="24 Feb 2018 17:57:11 GMT" time="73.276" errors="0">
  <testcase name="verifyIGSTTax" time="73.276" classname="c2info_ElMob.SalesTC.TC_010_VerifyLocalTaxForMultipleItems"/>
</testsuite> <!-- c2info_ElMob.SalesTC.TC_010_VerifyLocalTaxForMultipleItems -->
