<?xml version="1.0" encoding="UTF-8"?>
<!-- Generated by org.testng.reporters.JUnitReportReporter -->
<testsuite skipped="0" hostname="ChethanBidare-pc" name="c2info_ElMob.SalesReturnTC.TC_025_VerifyParkedInvoiceDeletion" tests="1" failures="0" timestamp="14 Mar 2018 11:13:01 GMT" time="42.715" errors="0">
  <testcase name="verifyInvoiceLoading" time="42.715" classname="c2info_ElMob.SalesReturnTC.TC_025_VerifyParkedInvoiceDeletion"/>
</testsuite> <!-- c2info_ElMob.SalesReturnTC.TC_025_VerifyParkedInvoiceDeletion -->
