<?xml version="1.0" encoding="UTF-8"?>
<!-- Generated by org.testng.reporters.JUnitReportReporter -->
<testsuite skipped="0" hostname="ChethanBidare-pc" name="c2info_ElMob.SalesTC.TC_022_VerifyInvoiceValueInSwitchCart" tests="1" failures="0" timestamp="28 Feb 2018 07:30:56 GMT" time="81.115" errors="0">
  <testcase name="verifyInvoiceParking" time="81.115" classname="c2info_ElMob.SalesTC.TC_022_VerifyInvoiceValueInSwitchCart"/>
</testsuite> <!-- c2info_ElMob.SalesTC.TC_022_VerifyInvoiceValueInSwitchCart -->
