<?xml version="1.0" encoding="UTF-8"?>
<!-- Generated by org.testng.reporters.JUnitReportReporter -->
<testsuite skipped="0" hostname="ChethanBidare-pc" name="c2info_ElMob.SalesTC.TC_024_VerifyCustomerNameInSwitchcart" tests="1" failures="0" timestamp="28 Feb 2018 08:35:47 GMT" time="80.900" errors="0">
  <testcase name="verifyCustomerName" time="80.900" classname="c2info_ElMob.SalesTC.TC_024_VerifyCustomerNameInSwitchcart"/>
</testsuite> <!-- c2info_ElMob.SalesTC.TC_024_VerifyCustomerNameInSwitchcart -->
