<?xml version="1.0" encoding="UTF-8"?>
<!-- Generated by org.testng.reporters.JUnitReportReporter -->
<testsuite skipped="0" hostname="ChethanBidare-pc" name="c2info_ElMob.SalesTC.TC_014_VerifyTotalSalesInHomePage" tests="1" failures="0" timestamp="26 Feb 2018 10:35:01 GMT" time="50.377" errors="0">
  <testcase name="verifyTodaysTotalSale" time="50.377" classname="c2info_ElMob.SalesTC.TC_014_VerifyTotalSalesInHomePage"/>
</testsuite> <!-- c2info_ElMob.SalesTC.TC_014_VerifyTotalSalesInHomePage -->
