<?xml version="1.0" encoding="UTF-8"?>
<!-- Generated by org.testng.reporters.JUnitReportReporter -->
<testsuite skipped="0" hostname="ChethanBidare-pc" name="c2info_ElMob.SalesReturnTC.TC_022_VerifyParkedInvoiceIsLoadedToSalesPage" tests="1" failures="0" timestamp="14 Mar 2018 11:13:01 GMT" time="55.615" errors="0">
  <testcase name="verifyInvoiceLoading" time="55.615" classname="c2info_ElMob.SalesReturnTC.TC_022_VerifyParkedInvoiceIsLoadedToSalesPage"/>
</testsuite> <!-- c2info_ElMob.SalesReturnTC.TC_022_VerifyParkedInvoiceIsLoadedToSalesPage -->
