<?xml version="1.0" encoding="UTF-8"?>
<!-- Generated by org.testng.reporters.JUnitReportReporter -->
<testsuite skipped="0" hostname="ChethanBidare-pc" name="c2info_ElMob.SalesTC.TC_031_VerifyNearExpiryBatchIsSelected" tests="1" failures="0" timestamp="01 Mar 2018 12:07:01 GMT" time="52.054" errors="0">
  <testcase name="verifyNearExpiry" time="52.054" classname="c2info_ElMob.SalesTC.TC_031_VerifyNearExpiryBatchIsSelected"/>
</testsuite> <!-- c2info_ElMob.SalesTC.TC_031_VerifyNearExpiryBatchIsSelected -->
