<?xml version="1.0" encoding="UTF-8"?>
<!-- Generated by org.testng.reporters.JUnitReportReporter -->
<testsuite skipped="0" hostname="ChethanBidare-pc" name="c2info_ElMob.SalesTC.TC_025_VerifyParkedInvoiceIsLoadedToSalesPage" tests="1" failures="0" timestamp="28 Feb 2018 08:56:09 GMT" time="53.929" errors="0">
  <testcase name="verifyInvoiceLoading" time="53.929" classname="c2info_ElMob.SalesTC.TC_025_VerifyParkedInvoiceIsLoadedToSalesPage"/>
</testsuite> <!-- c2info_ElMob.SalesTC.TC_025_VerifyParkedInvoiceIsLoadedToSalesPage -->
