<?xml version="1.0" encoding="UTF-8"?>
<!-- Generated by org.testng.reporters.JUnitReportReporter -->
<testsuite skipped="0" hostname="ChethanBidare-pc" name="c2info_ElMob.SalesReturnTC.TC_008_VerifyTaxCalculationItemWise" tests="2" failures="0" timestamp="15 Mar 2018 09:58:42 GMT" time="82.790" errors="0">
  <testcase name="verifyTaxforSingleItem" time="26.939" classname="c2info_ElMob.SalesReturnTC.TC_008_VerifyTaxCalculationItemWise"/>
  <testcase name="verifyTaxFrMultipleItems" time="55.851" classname="c2info_ElMob.SalesReturnTC.TC_008_VerifyTaxCalculationItemWise"/>
</testsuite> <!-- c2info_ElMob.SalesReturnTC.TC_008_VerifyTaxCalculationItemWise -->
