<?xml version="1.0" encoding="UTF-8"?>
<!-- Generated by org.testng.reporters.JUnitReportReporter -->
<testsuite skipped="0" hostname="ChethanBidare-pc" name="c2info_ElMob.SalesTC.TC_016_VerifyCardSalesInHomePage" tests="1" failures="0" timestamp="26 Feb 2018 11:09:33 GMT" time="57.030" errors="0">
  <testcase name="verifyCashSale" time="57.030" classname="c2info_ElMob.SalesTC.TC_016_VerifyCardSalesInHomePage"/>
</testsuite> <!-- c2info_ElMob.SalesTC.TC_016_VerifyCardSalesInHomePage -->
