<?xml version="1.0" encoding="UTF-8"?>
<!-- Generated by org.testng.reporters.JUnitReportReporter -->
<testsuite skipped="0" hostname="ChethanBidare-pc" name="c2info_ElMob.SalesReturnTC.TC_030_VerifyQtyChangeOnUpdate" tests="1" failures="0" timestamp="14 Mar 2018 11:13:01 GMT" time="43.948" errors="0">
  <testcase name="qtyChangeOnUpdate" time="43.948" classname="c2info_ElMob.SalesReturnTC.TC_030_VerifyQtyChangeOnUpdate"/>
</testsuite> <!-- c2info_ElMob.SalesReturnTC.TC_030_VerifyQtyChangeOnUpdate -->
