<?xml version="1.0" encoding="UTF-8"?>
<!-- Generated by org.testng.reporters.JUnitReportReporter -->
<testsuite skipped="0" hostname="ChethanBidare-pc" name="c2info_ElMob.SalesTC.TC_030_VerifyParkedInvoiceByAddingItems" tests="1" failures="0" timestamp="28 Feb 2018 12:14:01 GMT" time="77.306" errors="0">
  <testcase name="verifyInvoiceLoading" time="77.306" classname="c2info_ElMob.SalesTC.TC_030_VerifyParkedInvoiceByAddingItems"/>
</testsuite> <!-- c2info_ElMob.SalesTC.TC_030_VerifyParkedInvoiceByAddingItems -->
