<?xml version="1.0" encoding="UTF-8"?>
<!-- Generated by org.testng.reporters.JUnitReportReporter -->
<testsuite skipped="0" hostname="ChethanBidare-pc" name="c2info_ElMob.SalesTC.TC_012_VerifyInvoiceValueWithDisc" tests="1" failures="0" timestamp="26 Feb 2018 07:26:50 GMT" time="176.446" errors="0">
  <testcase name="verifyInvoiceValue" time="176.446" classname="c2info_ElMob.SalesTC.TC_012_VerifyInvoiceValueWithDisc"/>
</testsuite> <!-- c2info_ElMob.SalesTC.TC_012_VerifyInvoiceValueWithDisc -->
