<?xml version="1.0" encoding="UTF-8"?>
<!-- Generated by org.testng.reporters.JUnitReportReporter -->
<testsuite skipped="0" hostname="ChethanBidare-pc" name="c2info_ElMob.SalesReturnTC.TC_002_VerifyHighestMrpIsDisplayed" tests="1" failures="0" timestamp="15 Mar 2018 05:33:36 GMT" time="27.874" errors="0">
  <testcase name="verifyHighestMrp" time="27.874" classname="c2info_ElMob.SalesReturnTC.TC_002_VerifyHighestMrpIsDisplayed"/>
</testsuite> <!-- c2info_ElMob.SalesReturnTC.TC_002_VerifyHighestMrpIsDisplayed -->
