<?xml version="1.0" encoding="UTF-8"?>
<!-- Generated by org.testng.reporters.JUnitReportReporter -->
<testsuite skipped="0" hostname="ChethanBidare-pc" name="c2info_ElMob.SalesTC.TC_004_VerifyStockAfterAddingToCart" tests="1" failures="0" timestamp="23 Feb 2018 06:01:54 GMT" time="61.641" errors="0">
  <testcase name="verifyStock" time="61.641" classname="c2info_ElMob.SalesTC.TC_004_VerifyStockAfterAddingToCart"/>
</testsuite> <!-- c2info_ElMob.SalesTC.TC_004_VerifyStockAfterAddingToCart -->
