<?xml version="1.0" encoding="UTF-8"?>
<!-- Generated by org.testng.reporters.JUnitReportReporter -->
<testsuite skipped="0" hostname="ChethanBidare-pc" name="c2info_ElMob.SalesReturnTC.TC_003_verifyStockInItemListPage" tests="1" failures="0" timestamp="15 Mar 2018 07:03:13 GMT" time="121.708" errors="0">
  <testcase name="verifyStock" time="121.708" classname="c2info_ElMob.SalesReturnTC.TC_003_verifyStockInItemListPage"/>
</testsuite> <!-- c2info_ElMob.SalesReturnTC.TC_003_verifyStockInItemListPage -->
