<?xml version="1.0" encoding="UTF-8"?>
<!-- Generated by org.testng.reporters.JUnitReportReporter -->
<testsuite skipped="0" hostname="ChethanBidare-pc" name="c2info_ElMob.SalesTC.TC_021_VerifyInvoiceParkingFunctionality" tests="1" failures="0" timestamp="28 Feb 2018 07:07:52 GMT" time="83.238" errors="0">
  <testcase name="verifyInvoiceParking" time="83.238" classname="c2info_ElMob.SalesTC.TC_021_VerifyInvoiceParkingFunctionality"/>
</testsuite> <!-- c2info_ElMob.SalesTC.TC_021_VerifyInvoiceParkingFunctionality -->
