<?xml version="1.0" encoding="UTF-8"?>
<!-- Generated by org.testng.reporters.JUnitReportReporter -->
<testsuite skipped="0" hostname="ChethanBidare-pc" name="c2info_ElMob.SalesTC.TC_033_VerifyQtyChangeOnUpdate" tests="1" failures="0" timestamp="05 Mar 2018 10:03:40 GMT" time="42.663" errors="0">
  <testcase name="qtyChangeOnUpdate" time="42.663" classname="c2info_ElMob.SalesTC.TC_033_VerifyQtyChangeOnUpdate"/>
</testsuite> <!-- c2info_ElMob.SalesTC.TC_033_VerifyQtyChangeOnUpdate -->
