<?xml version="1.0" encoding="UTF-8"?>
<!-- Generated by org.testng.reporters.JUnitReportReporter -->
<testsuite skipped="0" hostname="ChethanBidare-pc" name="c2info_ElMob.SalesTC.TC_008_VerifyTaxCalculationItemWise" tests="1" failures="0" timestamp="24 Feb 2018 11:30:39 GMT" time="61.478" errors="0">
  <testcase name="verifyTaxFrMultipleItems" time="61.478" classname="c2info_ElMob.SalesTC.TC_008_VerifyTaxCalculationItemWise"/>
</testsuite> <!-- c2info_ElMob.SalesTC.TC_008_VerifyTaxCalculationItemWise -->
