<?xml version="1.0" encoding="UTF-8"?>
<!-- Generated by org.testng.reporters.JUnitReportReporter -->
<testsuite skipped="0" hostname="ChethanBidare-pc" name="c2info_ElMob.SalesReturnTC.TC_010_VerifyLocalTaxForMultipleItems" tests="1" failures="0" timestamp="15 Mar 2018 11:03:48 GMT" time="67.654" errors="0">
  <testcase name="verifyIGSTTax" time="67.654" classname="c2info_ElMob.SalesReturnTC.TC_010_VerifyLocalTaxForMultipleItems"/>
</testsuite> <!-- c2info_ElMob.SalesReturnTC.TC_010_VerifyLocalTaxForMultipleItems -->
