<?xml version="1.0" encoding="UTF-8"?>
<!-- Generated by org.testng.reporters.JUnitReportReporter -->
<testsuite skipped="0" hostname="ChethanBidare-pc" name="c2info_ElMob.SalesTC.TC_028_VerifyParkedInvoiceDeletion" tests="1" failures="0" timestamp="28 Feb 2018 10:21:51 GMT" time="40.497" errors="0">
  <testcase name="verifyInvoiceLoading" time="40.497" classname="c2info_ElMob.SalesTC.TC_028_VerifyParkedInvoiceDeletion"/>
</testsuite> <!-- c2info_ElMob.SalesTC.TC_028_VerifyParkedInvoiceDeletion -->
