<?xml version="1.0" encoding="UTF-8"?>
<!-- Generated by org.testng.reporters.JUnitReportReporter -->
<testsuite skipped="0" hostname="ChethanBidare-pc" name="c2info_ElMob.SalesReturnTC.TC_016_VerifyCustomerDetailsInCheckOutPage" tests="1" failures="0" timestamp="15 Mar 2018 12:23:11 GMT" time="33.995" errors="0">
  <testcase name="verifyCustomerDetails" time="33.995" classname="c2info_ElMob.SalesReturnTC.TC_016_VerifyCustomerDetailsInCheckOutPage"/>
</testsuite> <!-- c2info_ElMob.SalesReturnTC.TC_016_VerifyCustomerDetailsInCheckOutPage -->
