<?xml version="1.0" encoding="UTF-8"?>
<!-- Generated by org.testng.reporters.JUnitReportReporter -->
<testsuite skipped="0" hostname="ChethanBidare-pc" name="c2info_ElMob.SalesReturnTC.TC_012_VerifyInvoiceValueWithDisc" tests="1" failures="0" timestamp="15 Mar 2018 11:44:56 GMT" time="159.623" errors="0">
  <testcase name="verifyInvoiceValue" time="159.623" classname="c2info_ElMob.SalesReturnTC.TC_012_VerifyInvoiceValueWithDisc"/>
</testsuite> <!-- c2info_ElMob.SalesReturnTC.TC_012_VerifyInvoiceValueWithDisc -->
